Build started 2-11-2015 13:01:40.
     1>Project "C:\Users\Jeroen\Documents\GitHub\dungCrawler1\DungCrawler\DungCrawler\DungCrawler.vcxproj" on node 2 (Build target(s)).
     1>ClCompile:
         C:\Program Files (x86)\Microsoft Visual Studio 12.0\VC\bin\CL.exe /c /ZI /nologo /W3 /WX- /sdl /Od /Oy- /D WIN32 /D _DEBUG /D _CONSOLE /D _LIB /D _UNICODE /D UNICODE /Gm /EHsc /RTC1 /MDd /GS /fp:precise /Zc:wchar_t /Zc:forScope /Fo"Debug\\" /Fd"Debug\vc120.pdb" /Gd /TP /analyze- /errorReport:prompt ChamberFactory.cpp
         ChamberFactory.cpp
     1>c:\users\jeroen\documents\github\dungcrawler1\dungcrawler\dungcrawler\chamberfactory.cpp(41): warning C4244: 'argument' : conversion from 'time_t' to 'unsigned int', possible loss of data
       Link:
         C:\Program Files (x86)\Microsoft Visual Studio 12.0\VC\bin\link.exe /ERRORREPORT:PROMPT /OUT:"C:\Users\Jeroen\Documents\GitHub\dungCrawler1\DungCrawler\Debug\DungCrawler.exe" /INCREMENTAL /NOLOGO kernel32.lib user32.lib gdi32.lib winspool.lib comdlg32.lib advapi32.lib shell32.lib ole32.lib oleaut32.lib uuid.lib odbc32.lib odbccp32.lib /MANIFEST /MANIFESTUAC:"level='asInvoker' uiAccess='false'" /manifest:embed /DEBUG /PDB:"C:\Users\Jeroen\Documents\GitHub\dungCrawler1\DungCrawler\Debug\DungCrawler.pdb" /SUBSYSTEM:CONSOLE /TLBID:1 /DYNAMICBASE /NXCOMPAT /IMPLIB:"C:\Users\Jeroen\Documents\GitHub\dungCrawler1\DungCrawler\Debug\DungCrawler.lib" /MACHINE:X86 Debug\Array3D.obj
         Debug\BossChamber.obj
         Debug\Chamber.obj
         Debug\ChamberFactory.obj
         Debug\DungCrawler.obj
         Debug\Dungeon.obj
         Debug\Enemy.obj
         Debug\Hero.obj
         Debug\Item.obj
         Debug\Level.obj
         Debug\MainController.obj
         Debug\MainView.obj
         Debug\Potion.obj
         Debug\SpikeTrap.obj
         Debug\Stair.obj
         Debug\Trap.obj
         Debug\Unit.obj
         Debug\Weapon.obj
         DungCrawler.vcxproj -> C:\Users\Jeroen\Documents\GitHub\dungCrawler1\DungCrawler\Debug\DungCrawler.exe
     1>Done Building Project "C:\Users\Jeroen\Documents\GitHub\dungCrawler1\DungCrawler\DungCrawler\DungCrawler.vcxproj" (Build target(s)).

Build succeeded.

Time Elapsed 00:00:00.79
